#
# There is insufficient memory for the Java Runtime Environment to continue.
# Native memory allocation (malloc) failed to allocate 349056 bytes for Chunk::new
# Possible reasons:
#   The system is out of physical RAM or swap space
#   The process is running with CompressedOops enabled, and the Java Heap may be blocking the growth of the native heap
# Possible solutions:
#   Reduce memory load on the system
#   Increase physical memory or swap space
#   Check if swap backing store is full
#   Decrease Java heap size (-Xmx/-Xms)
#   Decrease number of Java threads
#   Decrease Java thread stack sizes (-Xss)
#   Set larger code cache with -XX:ReservedCodeCacheSize=
#   JVM is running with Unscaled Compressed Oops mode in which the Java heap is
#     placed in the first 4GB address space. The Java Heap base address is the
#     maximum limit for the native heap growth. Please use -XX:HeapBaseMinAddress
#     to set the Java Heap base and to place the Java Heap above 4GB virtual address.
# This output file may be truncated or incomplete.
#
#  Out of Memory Error (arena.cpp:189), pid=19956, tid=22512
#
# JRE version: Java(TM) SE Runtime Environment (17.0+35) (build 17+35-LTS-2724)
# Java VM: Java HotSpot(TM) 64-Bit Server VM (17+35-LTS-2724, mixed mode, sharing, tiered, compressed oops, compressed class ptrs, g1 gc, windows-amd64)
# No core dump will be written. Minidumps are not enabled by default on client versions of Windows
#

---------------  S U M M A R Y ------------

Command Line: -Xmx64m -Xms64m -javaagent:C:\Gradle\gradle-8.13/lib/agents/gradle-instrumentation-agent-8.13.jar -Dorg.gradle.appname=gradle org.gradle.launcher.GradleMain -p C:\fim\sistem\platforms\android\tools wrapper --gradle-version 8.13

Host: Intel(R) Core(TM) i5-10400 CPU @ 2.90GHz, 12 cores, 15G,  Windows 10 , 64 bit Build 19041 (10.0.19041.5678)
Time: Wed Apr 16 03:12:25 2025 Hora oficial do Brasil elapsed time: 0.209063 seconds (0d 0h 0m 0s)

---------------  T H R E A D  ---------------

Current thread (0x000001bc1a4f1c70):  JavaThread "C2 CompilerThread0" daemon [_thread_in_native, id=22512, stack(0x000000b5d4f00000,0x000000b5d5000000)]


Current CompileTask:
C2:    209  464       4       java.util.HashMap::putVal (300 bytes)

Stack: [0x000000b5d4f00000,0x000000b5d5000000]
Native frames: (J=compiled Java code, j=interpreted, Vv=VM code, C=native code)
V  [jvm.dll+0x66f8ea]
V  [jvm.dll+0x7ce224]
V  [jvm.dll+0x7cf9ce]
V  [jvm.dll+0x7d0033]
V  [jvm.dll+0x242bb5]
V  [jvm.dll+0xaa05b]
V  [jvm.dll+0xaa5ec]
V  [jvm.dll+0x2a954f]
V  [jvm.dll+0x5784b9]
V  [jvm.dll+0x21de2d]
V  [jvm.dll+0x217381]
V  [jvm.dll+0x214fb5]
V  [jvm.dll+0x1a168d]
V  [jvm.dll+0x2248f8]
V  [jvm.dll+0x222a5c]
V  [jvm.dll+0x78422b]
V  [jvm.dll+0x77e7ea]
V  [jvm.dll+0x66e715]
C  [ucrtbase.dll+0x21bb2]
C  [KERNEL32.DLL+0x17374]
C  [ntdll.dll+0x4cc91]


---------------  P R O C E S S  ---------------

Threads class SMR info:
_java_thread_list=0x000001bc1b1c3340, length=14, elements={
0x000001bc7f566230, 0x000001bc7f635940, 0x000001bc7f636e60, 0x000001bc1a4e86d0,
0x000001bc1a4eafa0, 0x000001bc1a4ec000, 0x000001bc1a4ec8c0, 0x000001bc1a4f1c70,
0x000001bc1a500860, 0x000001bc1a503170, 0x000001bc7f61def0, 0x000001bc1b119ab0,
0x000001bc1b1eb6d0, 0x000001bc1b431d40
}

Java Threads: ( => current thread )
  0x000001bc7f566230 JavaThread "main" [_thread_in_Java, id=5448, stack(0x000000b5d4200000,0x000000b5d4300000)]
  0x000001bc7f635940 JavaThread "Reference Handler" daemon [_thread_blocked, id=19616, stack(0x000000b5d4900000,0x000000b5d4a00000)]
  0x000001bc7f636e60 JavaThread "Finalizer" daemon [_thread_blocked, id=15620, stack(0x000000b5d4a00000,0x000000b5d4b00000)]
  0x000001bc1a4e86d0 JavaThread "Signal Dispatcher" daemon [_thread_blocked, id=28656, stack(0x000000b5d4b00000,0x000000b5d4c00000)]
  0x000001bc1a4eafa0 JavaThread "Attach Listener" daemon [_thread_blocked, id=23928, stack(0x000000b5d4c00000,0x000000b5d4d00000)]
  0x000001bc1a4ec000 JavaThread "Service Thread" daemon [_thread_blocked, id=4888, stack(0x000000b5d4d00000,0x000000b5d4e00000)]
  0x000001bc1a4ec8c0 JavaThread "Monitor Deflation Thread" daemon [_thread_blocked, id=14520, stack(0x000000b5d4e00000,0x000000b5d4f00000)]
=>0x000001bc1a4f1c70 JavaThread "C2 CompilerThread0" daemon [_thread_in_native, id=22512, stack(0x000000b5d4f00000,0x000000b5d5000000)]
  0x000001bc1a500860 JavaThread "C1 CompilerThread0" daemon [_thread_in_vm, id=17160, stack(0x000000b5d5000000,0x000000b5d5100000)]
  0x000001bc1a503170 JavaThread "Sweeper thread" daemon [_thread_blocked, id=28456, stack(0x000000b5d5100000,0x000000b5d5200000)]
  0x000001bc7f61def0 JavaThread "Common-Cleaner" daemon [_thread_blocked, id=18500, stack(0x000000b5d5200000,0x000000b5d5300000)]
  0x000001bc1b119ab0 JavaThread "Notification Thread" daemon [_thread_blocked, id=25048, stack(0x000000b5d5300000,0x000000b5d5400000)]
  0x000001bc1b1eb6d0 JavaThread "C2 CompilerThread1" daemon [_thread_in_native, id=23104, stack(0x000000b5d5500000,0x000000b5d5600000)]
  0x000001bc1b431d40 JavaThread "C2 CompilerThread2" daemon [_thread_in_native, id=25288, stack(0x000000b5d5600000,0x000000b5d5700000)]

Other Threads:
  0x000001bc7f62bdb0 VMThread "VM Thread" [stack: 0x000000b5d4800000,0x000000b5d4900000] [id=14320]
  0x000001bc7f566ff0 WatcherThread [stack: 0x000000b5d5400000,0x000000b5d5500000] [id=12108]
  0x000001bc7f5881e0 GCTaskThread "GC Thread#0" [stack: 0x000000b5d4300000,0x000000b5d4400000] [id=18736]
  0x000001bc7f58a840 ConcurrentGCThread "G1 Main Marker" [stack: 0x000000b5d4400000,0x000000b5d4500000] [id=27376]
  0x000001bc7f58b160 ConcurrentGCThread "G1 Conc#0" [stack: 0x000000b5d4500000,0x000000b5d4600000] [id=15736]
  0x000001bc7f610a30 ConcurrentGCThread "G1 Refine#0" [stack: 0x000000b5d4600000,0x000000b5d4700000] [id=23340]
  0x000001bc7f611360 ConcurrentGCThread "G1 Service" [stack: 0x000000b5d4700000,0x000000b5d4800000] [id=22588]

Threads with active compile tasks:
C2 CompilerThread0      224  464       4       java.util.HashMap::putVal (300 bytes)
C1 CompilerThread0      224  505       3       java.lang.String::replace (42 bytes)
C2 CompilerThread1      224  475       4       java.util.HashSet::add (20 bytes)
C2 CompilerThread2      224  486       4       java.io.File::hashCode (8 bytes)

VM state: not at safepoint (normal execution)

VM Mutex/Monitor currently owned by a thread:  ([mutex/lock_event])
[0x000001bc7f560480] Metaspace_lock - owner thread: 0x000001bc1a500860
[0x000001bc7f562a80] MethodData_lock - owner thread: 0x000001bc1a500860

Heap address: 0x00000000fc000000, size: 64 MB, Compressed Oops mode: 32-bit

CDS archive(s) mapped at: [0x0000000800000000-0x0000000800bc0000-0x0000000800bc0000), size 12320768, SharedBaseAddress: 0x0000000800000000, ArchiveRelocationMode: 0.
Compressed class space mapped at: 0x0000000800c00000-0x0000000840c00000, reserved size: 1073741824
Narrow klass base: 0x0000000800000000, Narrow klass shift: 0, Narrow klass range: 0x100000000

GC Precious Log:
 CPUs: 12 total, 12 available
 Memory: 16311M
 Large Page Support: Disabled
 NUMA Support: Disabled
 Compressed Oops: Enabled (32-bit)
 Heap Region Size: 1M
 Heap Min Capacity: 64M
 Heap Initial Capacity: 64M
 Heap Max Capacity: 64M
 Pre-touch: Disabled
 Parallel Workers: 10
 Concurrent Workers: 3
 Concurrent Refinement Workers: 10
 Periodic GC: Disabled

Heap:
 garbage-first heap   total 65536K, used 15360K [0x00000000fc000000, 0x0000000100000000)
  region size 1024K, 17 young (17408K), 0 survivors (0K)
 Metaspace       used 831K, committed 960K, reserved 1056768K
  class space    used 60K, committed 128K, reserved 1048576K

Heap Regions: E=young(eden), S=young(survivor), O=old, HS=humongous(starts), HC=humongous(continues), CS=collection set, F=free, OA=open archive, CA=closed archive, TAMS=top-at-mark-start (previous, next)
|   0|0x00000000fc000000, 0x00000000fc000000, 0x00000000fc100000|  0%| F|  |TAMS 0x00000000fc000000, 0x00000000fc000000| Untracked 
|   1|0x00000000fc100000, 0x00000000fc100000, 0x00000000fc200000|  0%| F|  |TAMS 0x00000000fc100000, 0x00000000fc100000| Untracked 
|   2|0x00000000fc200000, 0x00000000fc200000, 0x00000000fc300000|  0%| F|  |TAMS 0x00000000fc200000, 0x00000000fc200000| Untracked 
|   3|0x00000000fc300000, 0x00000000fc300000, 0x00000000fc400000|  0%| F|  |TAMS 0x00000000fc300000, 0x00000000fc300000| Untracked 
|   4|0x00000000fc400000, 0x00000000fc400000, 0x00000000fc500000|  0%| F|  |TAMS 0x00000000fc400000, 0x00000000fc400000| Untracked 
|   5|0x00000000fc500000, 0x00000000fc500000, 0x00000000fc600000|  0%| F|  |TAMS 0x00000000fc500000, 0x00000000fc500000| Untracked 
|   6|0x00000000fc600000, 0x00000000fc600000, 0x00000000fc700000|  0%| F|  |TAMS 0x00000000fc600000, 0x00000000fc600000| Untracked 
|   7|0x00000000fc700000, 0x00000000fc700000, 0x00000000fc800000|  0%| F|  |TAMS 0x00000000fc700000, 0x00000000fc700000| Untracked 
|   8|0x00000000fc800000, 0x00000000fc800000, 0x00000000fc900000|  0%| F|  |TAMS 0x00000000fc800000, 0x00000000fc800000| Untracked 
|   9|0x00000000fc900000, 0x00000000fc900000, 0x00000000fca00000|  0%| F|  |TAMS 0x00000000fc900000, 0x00000000fc900000| Untracked 
|  10|0x00000000fca00000, 0x00000000fca00000, 0x00000000fcb00000|  0%| F|  |TAMS 0x00000000fca00000, 0x00000000fca00000| Untracked 
|  11|0x00000000fcb00000, 0x00000000fcb00000, 0x00000000fcc00000|  0%| F|  |TAMS 0x00000000fcb00000, 0x00000000fcb00000| Untracked 
|  12|0x00000000fcc00000, 0x00000000fcc00000, 0x00000000fcd00000|  0%| F|  |TAMS 0x00000000fcc00000, 0x00000000fcc00000| Untracked 
|  13|0x00000000fcd00000, 0x00000000fcd00000, 0x00000000fce00000|  0%| F|  |TAMS 0x00000000fcd00000, 0x00000000fcd00000| Untracked 
|  14|0x00000000fce00000, 0x00000000fce00000, 0x00000000fcf00000|  0%| F|  |TAMS 0x00000000fce00000, 0x00000000fce00000| Untracked 
|  15|0x00000000fcf00000, 0x00000000fcf00000, 0x00000000fd000000|  0%| F|  |TAMS 0x00000000fcf00000, 0x00000000fcf00000| Untracked 
|  16|0x00000000fd000000, 0x00000000fd000000, 0x00000000fd100000|  0%| F|  |TAMS 0x00000000fd000000, 0x00000000fd000000| Untracked 
|  17|0x00000000fd100000, 0x00000000fd100000, 0x00000000fd200000|  0%| F|  |TAMS 0x00000000fd100000, 0x00000000fd100000| Untracked 
|  18|0x00000000fd200000, 0x00000000fd200000, 0x00000000fd300000|  0%| F|  |TAMS 0x00000000fd200000, 0x00000000fd200000| Untracked 
|  19|0x00000000fd300000, 0x00000000fd300000, 0x00000000fd400000|  0%| F|  |TAMS 0x00000000fd300000, 0x00000000fd300000| Untracked 
|  20|0x00000000fd400000, 0x00000000fd400000, 0x00000000fd500000|  0%| F|  |TAMS 0x00000000fd400000, 0x00000000fd400000| Untracked 
|  21|0x00000000fd500000, 0x00000000fd500000, 0x00000000fd600000|  0%| F|  |TAMS 0x00000000fd500000, 0x00000000fd500000| Untracked 
|  22|0x00000000fd600000, 0x00000000fd600000, 0x00000000fd700000|  0%| F|  |TAMS 0x00000000fd600000, 0x00000000fd600000| Untracked 
|  23|0x00000000fd700000, 0x00000000fd700000, 0x00000000fd800000|  0%| F|  |TAMS 0x00000000fd700000, 0x00000000fd700000| Untracked 
|  24|0x00000000fd800000, 0x00000000fd800000, 0x00000000fd900000|  0%| F|  |TAMS 0x00000000fd800000, 0x00000000fd800000| Untracked 
|  25|0x00000000fd900000, 0x00000000fd900000, 0x00000000fda00000|  0%| F|  |TAMS 0x00000000fd900000, 0x00000000fd900000| Untracked 
|  26|0x00000000fda00000, 0x00000000fda00000, 0x00000000fdb00000|  0%| F|  |TAMS 0x00000000fda00000, 0x00000000fda00000| Untracked 
|  27|0x00000000fdb00000, 0x00000000fdb00000, 0x00000000fdc00000|  0%| F|  |TAMS 0x00000000fdb00000, 0x00000000fdb00000| Untracked 
|  28|0x00000000fdc00000, 0x00000000fdc00000, 0x00000000fdd00000|  0%| F|  |TAMS 0x00000000fdc00000, 0x00000000fdc00000| Untracked 
|  29|0x00000000fdd00000, 0x00000000fdd00000, 0x00000000fde00000|  0%| F|  |TAMS 0x00000000fdd00000, 0x00000000fdd00000| Untracked 
|  30|0x00000000fde00000, 0x00000000fde00000, 0x00000000fdf00000|  0%| F|  |TAMS 0x00000000fde00000, 0x00000000fde00000| Untracked 
|  31|0x00000000fdf00000, 0x00000000fdf00000, 0x00000000fe000000|  0%| F|  |TAMS 0x00000000fdf00000, 0x00000000fdf00000| Untracked 
|  32|0x00000000fe000000, 0x00000000fe000000, 0x00000000fe100000|  0%| F|  |TAMS 0x00000000fe000000, 0x00000000fe000000| Untracked 
|  33|0x00000000fe100000, 0x00000000fe100000, 0x00000000fe200000|  0%| F|  |TAMS 0x00000000fe100000, 0x00000000fe100000| Untracked 
|  34|0x00000000fe200000, 0x00000000fe200000, 0x00000000fe300000|  0%| F|  |TAMS 0x00000000fe200000, 0x00000000fe200000| Untracked 
|  35|0x00000000fe300000, 0x00000000fe300000, 0x00000000fe400000|  0%| F|  |TAMS 0x00000000fe300000, 0x00000000fe300000| Untracked 
|  36|0x00000000fe400000, 0x00000000fe400000, 0x00000000fe500000|  0%| F|  |TAMS 0x00000000fe400000, 0x00000000fe400000| Untracked 
|  37|0x00000000fe500000, 0x00000000fe500000, 0x00000000fe600000|  0%| F|  |TAMS 0x00000000fe500000, 0x00000000fe500000| Untracked 
|  38|0x00000000fe600000, 0x00000000fe600000, 0x00000000fe700000|  0%| F|  |TAMS 0x00000000fe600000, 0x00000000fe600000| Untracked 
|  39|0x00000000fe700000, 0x00000000fe700000, 0x00000000fe800000|  0%| F|  |TAMS 0x00000000fe700000, 0x00000000fe700000| Untracked 
|  40|0x00000000fe800000, 0x00000000fe800000, 0x00000000fe900000|  0%| F|  |TAMS 0x00000000fe800000, 0x00000000fe800000| Untracked 
|  41|0x00000000fe900000, 0x00000000fe900000, 0x00000000fea00000|  0%| F|  |TAMS 0x00000000fe900000, 0x00000000fe900000| Untracked 
|  42|0x00000000fea00000, 0x00000000fea00000, 0x00000000feb00000|  0%| F|  |TAMS 0x00000000fea00000, 0x00000000fea00000| Untracked 
|  43|0x00000000feb00000, 0x00000000feb00000, 0x00000000fec00000|  0%| F|  |TAMS 0x00000000feb00000, 0x00000000feb00000| Untracked 
|  44|0x00000000fec00000, 0x00000000fec00000, 0x00000000fed00000|  0%| F|  |TAMS 0x00000000fec00000, 0x00000000fec00000| Untracked 
|  45|0x00000000fed00000, 0x00000000fed00000, 0x00000000fee00000|  0%| F|  |TAMS 0x00000000fed00000, 0x00000000fed00000| Untracked 
|  46|0x00000000fee00000, 0x00000000fee00000, 0x00000000fef00000|  0%| F|  |TAMS 0x00000000fee00000, 0x00000000fee00000| Untracked 
|  47|0x00000000fef00000, 0x00000000fef76470, 0x00000000ff000000| 46%| E|  |TAMS 0x00000000fef00000, 0x00000000fef00000| Complete 
|  48|0x00000000ff000000, 0x00000000ff100000, 0x00000000ff100000|100%| E|CS|TAMS 0x00000000ff000000, 0x00000000ff000000| Complete 
|  49|0x00000000ff100000, 0x00000000ff200000, 0x00000000ff200000|100%| E|CS|TAMS 0x00000000ff100000, 0x00000000ff100000| Complete 
|  50|0x00000000ff200000, 0x00000000ff300000, 0x00000000ff300000|100%| E|CS|TAMS 0x00000000ff200000, 0x00000000ff200000| Complete 
|  51|0x00000000ff300000, 0x00000000ff400000, 0x00000000ff400000|100%| E|CS|TAMS 0x00000000ff300000, 0x00000000ff300000| Complete 
|  52|0x00000000ff400000, 0x00000000ff500000, 0x00000000ff500000|100%| E|CS|TAMS 0x00000000ff400000, 0x00000000ff400000| Complete 
|  53|0x00000000ff500000, 0x00000000ff600000, 0x00000000ff600000|100%| E|CS|TAMS 0x00000000ff500000, 0x00000000ff500000| Complete 
|  54|0x00000000ff600000, 0x00000000ff700000, 0x00000000ff700000|100%| E|CS|TAMS 0x00000000ff600000, 0x00000000ff600000| Complete 
|  55|0x00000000ff700000, 0x00000000ff800000, 0x00000000ff800000|100%| E|CS|TAMS 0x00000000ff700000, 0x00000000ff700000| Complete 
|  56|0x00000000ff800000, 0x00000000ff900000, 0x00000000ff900000|100%| E|CS|TAMS 0x00000000ff800000, 0x00000000ff800000| Complete 
|  57|0x00000000ff900000, 0x00000000ffa00000, 0x00000000ffa00000|100%| E|CS|TAMS 0x00000000ff900000, 0x00000000ff900000| Complete 
|  58|0x00000000ffa00000, 0x00000000ffb00000, 0x00000000ffb00000|100%| E|  |TAMS 0x00000000ffa00000, 0x00000000ffa00000| Complete 
|  59|0x00000000ffb00000, 0x00000000ffc00000, 0x00000000ffc00000|100%| E|CS|TAMS 0x00000000ffb00000, 0x00000000ffb00000| Complete 
|  60|0x00000000ffc00000, 0x00000000ffd00000, 0x00000000ffd00000|100%| E|CS|TAMS 0x00000000ffc00000, 0x00000000ffc00000| Complete 
|  61|0x00000000ffd00000, 0x00000000ffe00000, 0x00000000ffe00000|100%| E|CS|TAMS 0x00000000ffd00000, 0x00000000ffd00000| Complete 
|  62|0x00000000ffe00000, 0x00000000fff00000, 0x00000000fff00000|100%| E|CS|TAMS 0x00000000ffe00000, 0x00000000ffe00000| Complete 
|  63|0x00000000fff00000, 0x0000000100000000, 0x0000000100000000|100%| E|CS|TAMS 0x00000000fff00000, 0x00000000fff00000| Complete 

Card table byte_map: [0x000001bc7e910000,0x000001bc7e930000] _byte_map_base: 0x000001bc7e130000

Marking Bits (Prev, Next): (CMBitMap*) 0x000001bc7f589710, (CMBitMap*) 0x000001bc7f589750
 Prev Bits: [0x000001bc7fb90000, 0x000001bc7fc90000)
 Next Bits: [0x000001bc7fc90000, 0x000001bc7fd90000)

Polling page: 0x000001bc7e8c0000

Metaspace:

Usage:
  Non-class:    771.13 KB used.
      Class:     60.71 KB used.
       Both:    831.84 KB used.

Virtual space:
  Non-class space:        8.00 MB reserved,     832.00 KB ( 10%) committed,  1 nodes.
      Class space:        1.00 GB reserved,     128.00 KB ( <1%) committed,  1 nodes.
             Both:        1.01 GB reserved,     960.00 KB ( <1%) committed. 

Chunk freelists:
   Non-Class:  3.80 MB
       Class:  3.70 MB
        Both:  7.50 MB

MaxMetaspaceSize: unlimited
CompressedClassSpaceSize: 1.00 GB
Initial GC threshold: 21.00 MB
Current GC threshold: 21.00 MB
CDS: on
MetaspaceReclaimPolicy: balanced
 - commit_granule_bytes: 65536.
 - commit_granule_words: 8192.
 - virtual_space_node_default_size: 1048576.
 - enlarge_chunks_in_place: 1.
 - new_chunks_are_fully_committed: 0.
 - uncommit_free_chunks: 1.
 - use_allocation_guard: 0.
 - handle_deallocations: 1.


Internal statistics:

num_allocs_failed_limit: 0.
num_arena_births: 10.
num_arena_deaths: 0.
num_vsnodes_births: 2.
num_vsnodes_deaths: 0.
num_space_committed: 15.
num_space_uncommitted: 0.
num_chunks_returned_to_freelist: 0.
num_chunks_taken_from_freelist: 31.
num_chunk_merges: 0.
num_chunk_splits: 15.
num_chunks_enlarged: 9.
num_purges: 0.
num_inconsistent_stats: 0.

CodeHeap 'non-profiled nmethods': size=120000Kb used=166Kb max_used=166Kb free=119833Kb
 bounds [0x000001bc10610000, 0x000001bc10880000, 0x000001bc17b40000]
CodeHeap 'profiled nmethods': size=120000Kb used=733Kb max_used=733Kb free=119266Kb
 bounds [0x000001bc090e0000, 0x000001bc09350000, 0x000001bc10610000]
CodeHeap 'non-nmethods': size=5760Kb used=1098Kb max_used=1127Kb free=4661Kb
 bounds [0x000001bc08b40000, 0x000001bc08db0000, 0x000001bc090e0000]
 total_blobs=866 nmethods=493 adapters=286
 compilation: enabled
              stopped_count=0, restarted_count=0
 full_count=0

Compilation events (20 events):
Event: 0.197 Thread 0x000001bc1a500860  467       3       org.gradle.api.internal.classpath.DefaultModuleRegistry$DefaultModule::collectDependenciesOf (9 bytes)
Event: 0.197 Thread 0x000001bc1a500860 nmethod 467 0x000001bc09189610 code [0x000001bc091897c0, 0x000001bc09189a08]
Event: 0.197 Thread 0x000001bc1a500860  468       3       java.util.LinkedHashMap::afterNodeAccess (116 bytes)
Event: 0.197 Thread 0x000001bc1a500860 nmethod 468 0x000001bc09189b10 code [0x000001bc09189ce0, 0x000001bc0918a338]
Event: 0.201 Thread 0x000001bc1a500860  469       3       jdk.internal.misc.Unsafe::getInt (7 bytes)
Event: 0.201 Thread 0x000001bc1a500860 nmethod 469 0x000001bc0918a490 code [0x000001bc0918a620, 0x000001bc0918a738]
Event: 0.201 Thread 0x000001bc1a500860  470       3       java.nio.Buffer::scope (17 bytes)
Event: 0.201 Thread 0x000001bc1a500860 nmethod 470 0x000001bc0918a810 code [0x000001bc0918a9c0, 0x000001bc0918ab68]
Event: 0.201 Thread 0x000001bc1a500860  471       3       java.nio.Buffer::checkIndex (22 bytes)
Event: 0.201 Thread 0x000001bc1a500860 nmethod 471 0x000001bc0918ac10 code [0x000001bc0918adc0, 0x000001bc0918b028]
Event: 0.201 Thread 0x000001bc1a500860  472       3       java.nio.DirectLongBufferU::ix (10 bytes)
Event: 0.201 Thread 0x000001bc1a500860 nmethod 472 0x000001bc0918b110 code [0x000001bc0918b2a0, 0x000001bc0918b3b8]
Event: 0.202 Thread 0x000001bc1a500860  473       3       org.gradle.internal.classpath.DefaultClassPath::of (29 bytes)
Event: 0.203 Thread 0x000001bc1a4f1c70 nmethod 452 0x000001bc10636390 code [0x000001bc10636580, 0x000001bc10637978]
Event: 0.203 Thread 0x000001bc1a4f1c70  464       4       java.util.HashMap::putVal (300 bytes)
Event: 0.203 Thread 0x000001bc1a500860 nmethod 473 0x000001bc0918b490 code [0x000001bc0918b660, 0x000001bc0918ba78]
Event: 0.206 Thread 0x000001bc1a500860  474       3       java.util.HashMap::put (13 bytes)
Event: 0.206 Thread 0x000001bc1a500860 nmethod 474 0x000001bc0918bc10 code [0x000001bc0918bdc0, 0x000001bc0918c0b8]
Event: 0.206 Thread 0x000001bc1b1eb6d0 nmethod 455 0x000001bc10638010 code [0x000001bc106381e0, 0x000001bc10638e38]
Event: 0.206 Thread 0x000001bc1b1eb6d0  475       4       java.util.HashSet::add (20 bytes)

GC Heap History (0 events):
No events

Deoptimization events (20 events):
Event: 0.195 Thread 0x000001bc7f566230 DEOPT PACKING pc=0x000001bc1061bccc sp=0x000000b5d42fec30
Event: 0.195 Thread 0x000001bc7f566230 DEOPT UNPACKING pc=0x000001bc08b923a3 sp=0x000000b5d42febe0 mode 2
Event: 0.195 Thread 0x000001bc7f566230 Uncommon trap: trap_request=0xffffffde fr.pc=0x000001bc1061bccc relative=0x000000000000046c
Event: 0.195 Thread 0x000001bc7f566230 Uncommon trap: reason=class_check action=maybe_recompile pc=0x000001bc1061bccc method=java.util.HashMap.putVal(ILjava/lang/Object;Ljava/lang/Object;ZZ)Ljava/lang/Object; @ 253 c2
Event: 0.195 Thread 0x000001bc7f566230 DEOPT PACKING pc=0x000001bc1061bccc sp=0x000000b5d42fea30
Event: 0.195 Thread 0x000001bc7f566230 DEOPT UNPACKING pc=0x000001bc08b923a3 sp=0x000000b5d42fe9e0 mode 2
Event: 0.195 Thread 0x000001bc7f566230 Uncommon trap: trap_request=0xffffffde fr.pc=0x000001bc1061bccc relative=0x000000000000046c
Event: 0.195 Thread 0x000001bc7f566230 Uncommon trap: reason=class_check action=maybe_recompile pc=0x000001bc1061bccc method=java.util.HashMap.putVal(ILjava/lang/Object;Ljava/lang/Object;ZZ)Ljava/lang/Object; @ 253 c2
Event: 0.195 Thread 0x000001bc7f566230 DEOPT PACKING pc=0x000001bc1061bccc sp=0x000000b5d42feb30
Event: 0.195 Thread 0x000001bc7f566230 DEOPT UNPACKING pc=0x000001bc08b923a3 sp=0x000000b5d42feae0 mode 2
Event: 0.195 Thread 0x000001bc7f566230 Uncommon trap: trap_request=0xffffffde fr.pc=0x000001bc1061bccc relative=0x000000000000046c
Event: 0.195 Thread 0x000001bc7f566230 Uncommon trap: reason=class_check action=maybe_recompile pc=0x000001bc1061bccc method=java.util.HashMap.putVal(ILjava/lang/Object;Ljava/lang/Object;ZZ)Ljava/lang/Object; @ 253 c2
Event: 0.195 Thread 0x000001bc7f566230 DEOPT PACKING pc=0x000001bc1061bccc sp=0x000000b5d42feb30
Event: 0.195 Thread 0x000001bc7f566230 DEOPT UNPACKING pc=0x000001bc08b923a3 sp=0x000000b5d42feae0 mode 2
Event: 0.198 Thread 0x000001bc7f566230 DEOPT PACKING pc=0x000001bc09151f66 sp=0x000000b5d42fe8b0
Event: 0.198 Thread 0x000001bc7f566230 DEOPT UNPACKING pc=0x000001bc08b92b43 sp=0x000000b5d42fdda0 mode 0
Event: 0.205 Thread 0x000001bc7f566230 Uncommon trap: trap_request=0xffffffde fr.pc=0x000001bc1063777c relative=0x00000000000011fc
Event: 0.205 Thread 0x000001bc7f566230 Uncommon trap: reason=class_check action=maybe_recompile pc=0x000001bc1063777c method=java.util.HashMap.putVal(ILjava/lang/Object;Ljava/lang/Object;ZZ)Ljava/lang/Object; @ 253 c2
Event: 0.205 Thread 0x000001bc7f566230 DEOPT PACKING pc=0x000001bc1063777c sp=0x000000b5d42feb60
Event: 0.206 Thread 0x000001bc7f566230 DEOPT UNPACKING pc=0x000001bc08b923a3 sp=0x000000b5d42feaa0 mode 2

Classes unloaded (0 events):
No events

Classes redefined (0 events):
No events

Internal exceptions (1 events):
Event: 0.057 Thread 0x000001bc7f566230 Exception <a 'java/lang/NoSuchMethodError'{0x00000000ffef1c08}: 'int java.lang.invoke.DirectMethodHandle$Holder.invokeStaticInit(java.lang.Object, java.lang.Object)'> (0x00000000ffef1c08) 
thrown [t:\workspace\open\src\hotspot\share\interpreter\linkResolver.cpp, line 766]

VM Operations (2 events):
Event: 0.034 Executing VM operation: HandshakeAllThreads
Event: 0.034 Executing VM operation: HandshakeAllThreads done

Events (20 events):
Event: 0.075 loading class java/lang/IndexOutOfBoundsException done
Event: 0.076 loading class java/util/AbstractList$Itr
Event: 0.076 loading class java/util/AbstractList$Itr done
Event: 0.077 loading class java/util/zip/ZipException
Event: 0.077 loading class java/util/zip/ZipException done
Event: 0.082 loading class java/io/Reader
Event: 0.082 loading class java/io/Reader done
Event: 0.082 loading class java/io/InputStreamReader
Event: 0.082 loading class java/io/InputStreamReader done
Event: 0.084 loading class java/util/regex/Pattern$BnM
Event: 0.084 loading class java/util/regex/Pattern$BnM done
Event: 0.084 loading class java/util/regex/Pattern$SliceS
Event: 0.084 loading class java/util/regex/Pattern$SliceS done
Event: 0.085 loading class java/util/LinkedHashMap$LinkedKeySet
Event: 0.085 loading class java/util/LinkedHashMap$LinkedKeySet done
Event: 0.085 loading class java/util/LinkedHashMap$LinkedKeyIterator
Event: 0.085 loading class java/util/LinkedHashMap$LinkedKeyIterator done
Event: 0.086 loading class java/lang/invoke/DirectMethodHandle$Special
Event: 0.087 loading class java/lang/invoke/DirectMethodHandle$Special done
Event: 0.162 Thread 0x000001bc1b1eb6d0 Thread added: 0x000001bc1b1eb6d0


Dynamic libraries:
0x00007ff78a890000 - 0x00007ff78a8a0000 	C:\Program Files\Java\jdk-17\bin\java.exe
0x00007ffddd690000 - 0x00007ffddd888000 	C:\Windows\SYSTEM32\ntdll.dll
0x00007ffddc620000 - 0x00007ffddc6e2000 	C:\Windows\System32\KERNEL32.DLL
0x00007ffddb300000 - 0x00007ffddb5f6000 	C:\Windows\System32\KERNELBASE.dll
0x00007ffddae10000 - 0x00007ffddaf10000 	C:\Windows\System32\ucrtbase.dll
0x00007ffda6050000 - 0x00007ffda6068000 	C:\Program Files\Java\jdk-17\bin\jli.dll
0x00007ffda6030000 - 0x00007ffda604a000 	C:\Program Files\Java\jdk-17\bin\VCRUNTIME140.dll
0x00007ffddc950000 - 0x00007ffddca01000 	C:\Windows\System32\ADVAPI32.dll
0x00007ffddd550000 - 0x00007ffddd5ee000 	C:\Windows\System32\msvcrt.dll
0x00007ffddd1e0000 - 0x00007ffddd27f000 	C:\Windows\System32\sechost.dll
0x00007ffddb8c0000 - 0x00007ffddb9e3000 	C:\Windows\System32\RPCRT4.dll
0x00007ffddad60000 - 0x00007ffddad87000 	C:\Windows\System32\bcrypt.dll
0x00007ffddc6f0000 - 0x00007ffddc88d000 	C:\Windows\System32\USER32.dll
0x00007ffddb100000 - 0x00007ffddb122000 	C:\Windows\System32\win32u.dll
0x00007ffdbfea0000 - 0x00007ffdc013a000 	C:\Windows\WinSxS\amd64_microsoft.windows.common-controls_6595b64144ccf1df_6.0.19041.4355_none_60b8b9eb71f62e16\COMCTL32.dll
0x00007ffddc5f0000 - 0x00007ffddc61b000 	C:\Windows\System32\GDI32.dll
0x00007ffddb130000 - 0x00007ffddb24a000 	C:\Windows\System32\gdi32full.dll
0x00007ffddb600000 - 0x00007ffddb69d000 	C:\Windows\System32\msvcp_win.dll
0x00007ffdd4bc0000 - 0x00007ffdd4bca000 	C:\Windows\SYSTEM32\VERSION.dll
0x00007ffddb9f0000 - 0x00007ffddba1f000 	C:\Windows\System32\IMM32.DLL
0x00007ffdb9fe0000 - 0x00007ffdb9fec000 	C:\Program Files\Java\jdk-17\bin\vcruntime140_1.dll
0x00007ffda4170000 - 0x00007ffda41fd000 	C:\Program Files\Java\jdk-17\bin\msvcp140.dll
0x00007ffd42af0000 - 0x00007ffd436ae000 	C:\Program Files\Java\jdk-17\bin\server\jvm.dll
0x00007ffddc890000 - 0x00007ffddc898000 	C:\Windows\System32\PSAPI.DLL
0x00007ffdc6f80000 - 0x00007ffdc6fa7000 	C:\Windows\SYSTEM32\WINMM.dll
0x00007ffdb1c40000 - 0x00007ffdb1c49000 	C:\Windows\SYSTEM32\WSOCK32.dll
0x00007ffddc100000 - 0x00007ffddc16b000 	C:\Windows\System32\WS2_32.dll
0x00007ffdd8bb0000 - 0x00007ffdd8bc2000 	C:\Windows\SYSTEM32\kernel.appcore.dll
0x00007ffdae660000 - 0x00007ffdae66a000 	C:\Program Files\Java\jdk-17\bin\jimage.dll
0x00007ffdcf9c0000 - 0x00007ffdcfba4000 	C:\Windows\SYSTEM32\DBGHELP.DLL
0x00007ffdaea00000 - 0x00007ffdaea34000 	C:\Windows\SYSTEM32\dbgcore.DLL
0x00007ffddb070000 - 0x00007ffddb0f2000 	C:\Windows\System32\bcryptPrimitives.dll
0x00007ffda8230000 - 0x00007ffda823e000 	C:\Program Files\Java\jdk-17\bin\instrument.dll
0x00007ffda6000000 - 0x00007ffda6025000 	C:\Program Files\Java\jdk-17\bin\java.dll
0x00007ffda4090000 - 0x00007ffda4166000 	C:\Program Files\Java\jdk-17\bin\svml.dll
0x00007ffddca10000 - 0x00007ffddd17f000 	C:\Windows\System32\SHELL32.dll
0x00007ffdd8db0000 - 0x00007ffdd9553000 	C:\Windows\SYSTEM32\windows.storage.dll
0x00007ffddbbf0000 - 0x00007ffddbf45000 	C:\Windows\System32\combase.dll
0x00007ffdda740000 - 0x00007ffdda76b000 	C:\Windows\SYSTEM32\Wldp.dll
0x00007ffddd280000 - 0x00007ffddd34d000 	C:\Windows\System32\OLEAUT32.dll
0x00007ffddd360000 - 0x00007ffddd40d000 	C:\Windows\System32\SHCORE.dll
0x00007ffddd4f0000 - 0x00007ffddd545000 	C:\Windows\System32\shlwapi.dll
0x00007ffddac40000 - 0x00007ffddac65000 	C:\Windows\SYSTEM32\profapi.dll
0x00007ffda5fe0000 - 0x00007ffda5ff8000 	C:\Program Files\Java\jdk-17\bin\zip.dll
0x00007ffda5ed0000 - 0x00007ffda5ee9000 	C:\Program Files\Java\jdk-17\bin\net.dll
0x00007ffdd3440000 - 0x00007ffdd354a000 	C:\Windows\SYSTEM32\WINHTTP.dll
0x00007ffdda4a0000 - 0x00007ffdda50c000 	C:\Windows\system32\mswsock.dll
0x00007ffda4230000 - 0x00007ffda4245000 	C:\Program Files\Java\jdk-17\bin\nio.dll

dbghelp: loaded successfully - version: 4.0.5 - missing functions: none
symbol engine: initialized successfully - sym options: 0x614 - pdb path: .;C:\Program Files\Java\jdk-17\bin;C:\Windows\SYSTEM32;C:\Windows\WinSxS\amd64_microsoft.windows.common-controls_6595b64144ccf1df_6.0.19041.4355_none_60b8b9eb71f62e16;C:\Program Files\Java\jdk-17\bin\server

VM Arguments:
jvm_args: -Xmx64m -Xms64m -javaagent:C:\Gradle\gradle-8.13/lib/agents/gradle-instrumentation-agent-8.13.jar -Dorg.gradle.appname=gradle 
java_command: org.gradle.launcher.GradleMain -p C:\fim\sistem\platforms\android\tools wrapper --gradle-version 8.13
java_class_path (initial): C:\Gradle\gradle-8.13\lib\gradle-gradle-cli-main-8.13.jar
Launcher Type: SUN_STANDARD

[Global flags]
     intx CICompilerCount                          = 4                                         {product} {ergonomic}
     uint ConcGCThreads                            = 3                                         {product} {ergonomic}
     uint G1ConcRefinementThreads                  = 10                                        {product} {ergonomic}
   size_t G1HeapRegionSize                         = 1048576                                   {product} {ergonomic}
    uintx GCDrainStackTargetSize                   = 64                                        {product} {ergonomic}
   size_t InitialHeapSize                          = 67108864                                  {product} {command line}
   size_t MarkStackSize                            = 4194304                                   {product} {ergonomic}
   size_t MaxHeapSize                              = 67108864                                  {product} {command line}
   size_t MaxNewSize                               = 39845888                                  {product} {ergonomic}
   size_t MinHeapDeltaBytes                        = 1048576                                   {product} {ergonomic}
   size_t MinHeapSize                              = 67108864                                  {product} {command line}
    uintx NonNMethodCodeHeapSize                   = 5839372                                {pd product} {ergonomic}
    uintx NonProfiledCodeHeapSize                  = 122909434                              {pd product} {ergonomic}
    uintx ProfiledCodeHeapSize                     = 122909434                              {pd product} {ergonomic}
    uintx ReservedCodeCacheSize                    = 251658240                              {pd product} {ergonomic}
     bool SegmentedCodeCache                       = true                                      {product} {ergonomic}
   size_t SoftMaxHeapSize                          = 67108864                               {manageable} {ergonomic}
     bool UseCompressedClassPointers               = true                           {product lp64_product} {ergonomic}
     bool UseCompressedOops                        = true                           {product lp64_product} {ergonomic}
     bool UseG1GC                                  = true                                      {product} {ergonomic}
     bool UseLargePagesIndividualAllocation        = false                                  {pd product} {ergonomic}

Logging:
Log output configuration:
 #0: stdout all=warning uptime,level,tags
 #1: stderr all=off uptime,level,tags

Environment Variables:
JAVA_HOME=C:\Program Files\Java\jdk-17
CLASSPATH=C:\Gradle\gradle-8.13\lib\gradle-gradle-cli-main-8.13.jar
PATH=C:\Program Files\Java\jdk-17\bin;C:\Program Files\Java\jdk-17\bin;C:\Apps\sdk\platform-tools;C:\Apps\sdk\cmdline-tools\latest\bin;C:\Program Files\Java\jdk-17\bin;C:\Apps\sdk\cmdline-tools\latest\bin;C:\Python311\Scripts\;C:\Python311\;C:\Program Files (x86)\NVIDIA Corporation\PhysX\Common;C:\Windows\system32;C:\Windows;C:\Windows\System32\Wbem;C:\Windows\System32\WindowsPowerShell\v1.0\;C:\Windows\System32\OpenSSH\;C:\Program Files\Git\cmd;C:\ProgramData\chocolatey\bin;C:\Gradle\gradle-8.13\bin;C:\Apps\sdk\build-tools;C:\Program Files\nodejs\;C:\Apps\sdk\platform-tools;c:\Users\gabri\AppData\Local\Programs\Trae\bin;C:\Program Files\Java\jdk-17\bin;C:\Apps\sdk\platform-tools;C:\Apps\sdk\cmdline-tools\latest\bin;C:\Users\gabri\AppData\Roaming\npm;C:\Program Files\nodejs\;C:\Python311\Scripts\;C:\Python311\;C:\Windows\System32;C:\Windows;C:\Windows\System32\Wbem;C:\Windows\System32\WindowsPowerShell\v1.0\;C:\Windows\System32\OpenSSH\;C:\Users\gabri\AppData\Local\Programs\cursor\resources\app\bin
USERNAME=gabri
LANG=en_US.UTF-8
OS=Windows_NT
PROCESSOR_IDENTIFIER=Intel64 Family 6 Model 165 Stepping 3, GenuineIntel



---------------  S Y S T E M  ---------------

OS:
 Windows 10 , 64 bit Build 19041 (10.0.19041.5678)
OS uptime: 1 days 10:02 hours

CPU: total 12 (initial active 12) (6 cores per cpu, 2 threads per core) family 6 model 165 stepping 3 microcode 0xe0, cx8, cmov, fxsr, ht, mmx, 3dnowpref, sse, sse2, sse3, ssse3, sse4.1, sse4.2, popcnt, lzcnt, tsc, tscinvbit, avx, avx2, aes, erms, clmul, bmi1, bmi2, adx, fma, vzeroupper, clflush, clflushopt

Memory: 4k page, system-wide physical 16311M (2139M free)
TotalPageFile size 65463M (AvailPageFile size 3M)
current process WorkingSet (physical memory assigned to process): 52M, peak: 52M
current process commit charge ("private bytes"): 152M, peak: 152M

vm_info: Java HotSpot(TM) 64-Bit Server VM (17+35-LTS-2724) for windows-amd64 JRE (17+35-LTS-2724), built on Aug  5 2021 23:28:28 by "mach5one" with MS VC++ 16.8 (VS2019)

END.
